2022-04-11 21:47:11.715 [main] INFO  Calculator - Calculating factorial  of given number:6
2022-04-11 21:47:11.762 [main] INFO  Calculator - Resultant answer of power operations is : 720.0
2022-04-11 21:47:24.040 [main] INFO  Calculator - Calculating factorial  of given number:14
2022-04-11 21:47:24.040 [main] INFO  Calculator - Resultant answer of power operations is : 8.71782912E10
2022-04-11 21:47:32.599 [main] INFO  Calculator - Calculating square root  of given number:64.0
2022-04-11 21:47:32.599 [main] INFO  Calculator - Resultant answer of power operations is : 8.0
2022-04-11 21:47:53.110 [main] INFO  Calculator - Calculating natural log  of given number:100.0
2022-04-11 21:47:53.111 [main] INFO  Calculator - Resultant answer of natural log operation is : 4.605170185988092
2022-04-11 21:48:05.607 [main] INFO  Calculator - Calculating factorial  of given number:5
2022-04-11 21:48:05.607 [main] INFO  Calculator - Resultant answer of power operations is : 120.0
2022-04-11 21:48:25.336 [main] INFO  Calculator - Calculating power function of given numbers:4.0,3.0
2022-04-11 21:48:25.337 [main] INFO  Calculator - Resultant answer of power operation is : 64.0
2022-04-11 21:48:40.326 [main] INFO  Calculator - Calculating square root  of given number:100.0
2022-04-11 21:48:40.327 [main] INFO  Calculator - Resultant answer of power operations is : 10.0
2022-04-11 21:48:52.576 [main] INFO  Calculator - Calculating power function of given numbers:5.0,2.0
2022-04-11 21:48:52.577 [main] INFO  Calculator - Resultant answer of power operation is : 25.0
2022-04-11 21:50:06.511 [main] INFO  Calculator - Calculating natural log  of given number:12.0
2022-04-11 21:50:06.512 [main] INFO  Calculator - Resultant answer of natural log operation is : 2.4849066497880004
2022-04-11 21:50:20.873 [main] INFO  Calculator - Calculating square root  of given number:25.0
2022-04-11 21:50:20.873 [main] INFO  Calculator - Resultant answer of power operations is : 5.0
2022-04-11 21:50:51.639 [main] INFO  Calculator - Calculating power function of given numbers:3.0,4.0
2022-04-11 21:50:51.639 [main] INFO  Calculator - Resultant answer of power operation is : 81.0
2022-04-11 21:51:00.534 [main] INFO  Calculator - Calculating factorial  of given number:8
2022-04-11 21:51:00.534 [main] INFO  Calculator - Resultant answer of power operations is : 40320.0
